109.10.13 11:51 B C:\Proyectos\www_php\granjavilla\admin\inf_membresia.php --> ftp.lagranjavilla.com /admin inf_membresia.php
109.10.13 11:51 B C:\Proyectos\www_php\granjavilla\admin\proc_administrador.php --> ftp.lagranjavilla.com /admin proc_administrador.php
109.10.13 11:51 B C:\Proyectos\www_php\granjavilla\admin\menu_admin.js --> ftp.lagranjavilla.com /admin menu_admin.js
109.10.13 11:52 B C:\Proyectos\www_php\granjavilla\admin\frm_administrador.php --> ftp.lagranjavilla.com /admin frm_administrador.php
109.10.13 11:53 B C:\Proyectos\www_php\granjavilla\admin\inf_encuestas.php --> ftp.lagranjavilla.com /admin inf_encuestas.php
109.10.13 11:54 B C:\Proyectos\www_php\granjavilla\admin\proc_encuesta.php --> ftp.lagranjavilla.com /admin proc_encuesta.php
109.10.13 11:54 B C:\Proyectos\www_php\granjavilla\admin\frm_administrador.php --> ftp.lagranjavilla.com /admin frm_administrador.php
109.10.13 12:06 B C:\Proyectos\www_php\granjavilla\admin\proc_encuesta.php --> ftp.lagranjavilla.com /admin proc_encuesta.php
109.10.13 12:35 B C:\Proyectos\www_php\granjavilla\admin\inf_membresia.php --> ftp.lagranjavilla.com /admin inf_membresia.php
109.10.13 12:44 B C:\Proyectos\www_php\granjavilla\admin\inf_membresia.php --> ftp.lagranjavilla.com /admin inf_membresia.php
109.10.13 12:45 B C:\Proyectos\www_php\granjavilla\admin\inf_membresia.php --> ftp.lagranjavilla.com /admin inf_membresia.php
109.10.13 12:47 B C:\Proyectos\www_php\granjavilla\admin\inf_membresia.php --> ftp.lagranjavilla.com /admin inf_membresia.php
109.10.13 12:48 B C:\Proyectos\www_php\granjavilla\admin\inf_membresia.php --> ftp.lagranjavilla.com /admin inf_membresia.php
109.10.13 12:53 B Z:\www_php\granjavilla\admin\inf_membresia.php --> ftp.lagranjavilla.com / inf_membresia.php
109.10.13 12:58 B Z:\www_php\granjavilla\admin\inf_membresia.php --> ftp.lagranjavilla.com /admin inf_membresia.php
109.10.13 12:59 B Z:\www_php\granjavilla\admin\inf_membresia.php --> ftp.lagranjavilla.com /admin inf_membresia.php
109.10.13 13:00 B Z:\www_php\granjavilla\admin\inf_membresia.php --> ftp.lagranjavilla.com /admin inf_membresia.php
109.10.13 13:02 B Z:\www_php\granjavilla\admin\inf_membresia.php --> ftp.lagranjavilla.com /admin inf_membresia.php
109.10.13 13:36 B Z:\www_php\granjavilla\admin\inf_membresia.php --> ftp.lagranjavilla.com /admin inf_membresia.php
109.10.13 13:40 B Z:\www_php\granjavilla\admin\inf_membresia.php --> ftp.lagranjavilla.com /admin inf_membresia.php
109.10.13 13:42 B Z:\www_php\granjavilla\admin\inf_membresia.php --> ftp.lagranjavilla.com /admin inf_membresia.php
109.10.13 13:46 B Z:\www_php\granjavilla\admin\inf_membresia.php --> ftp.lagranjavilla.com /admin inf_membresia.php
109.10.13 13:49 B Z:\www_php\granjavilla\admin\inf_membresia.php --> ftp.lagranjavilla.com /admin inf_membresia.php
109.10.13 13:51 B Z:\www_php\granjavilla\admin\inf_membresia.php --> ftp.lagranjavilla.com /admin inf_membresia.php
109.10.13 13:52 B Z:\www_php\granjavilla\admin\inf_membresia.php --> ftp.lagranjavilla.com /admin inf_membresia.php
109.10.13 13:53 B Z:\www_php\granjavilla\admin\inf_membresia.php --> ftp.lagranjavilla.com /admin inf_membresia.php
109.10.13 13:55 B Z:\www_php\granjavilla\admin\inf_membresia.php --> ftp.lagranjavilla.com /admin inf_membresia.php
109.10.13 14:09 B Z:\www_php\granjavilla\admin\inf_membresia.php --> ftp.lagranjavilla.com /admin inf_membresia.php
109.10.13 14:18 B C:\Proyectos\www_php\granjavilla\admin\inf_membresia.php --> ftp.lagranjavilla.com /admin inf_membresia.php
109.10.13 14:22 B Z:\www_php\granjavilla\admin\inf_membresia.php --> ftp.lagranjavilla.com /admin inf_membresia.php
109.10.13 14:23 B Z:\www_php\granjavilla\admin\inf_membresia.php --> ftp.lagranjavilla.com /admin inf_membresia.php
109.10.13 14:28 B Z:\www_php\granjavilla\admin\inf_membresia.php --> ftp.lagranjavilla.com /admin inf_membresia.php
109.10.13 14:29 B Z:\www_php\granjavilla\admin\inf_membresia.php --> ftp.lagranjavilla.com /admin inf_membresia.php
109.10.13 14:34 B Z:\www_php\granjavilla\admin\inf_membresia.php --> ftp.lagranjavilla.com /admin inf_membresia.php
109.10.13 14:38 B Z:\www_php\granjavilla\admin\inf_membresia.php --> ftp.lagranjavilla.com /admin inf_membresia.php
109.10.13 14:41 B Z:\www_php\granjavilla\admin\inf_membresia.php --> ftp.lagranjavilla.com /admin inf_membresia.php
109.10.13 14:42 B Z:\www_php\granjavilla\admin\inf_membresia.php --> ftp.lagranjavilla.com /admin inf_membresia.php
109.10.13 14:45 B Z:\www_php\granjavilla\admin\inf_membresia.php --> ftp.lagranjavilla.com /admin inf_membresia.php
109.10.13 14:47 B Z:\www_php\granjavilla\admin\inf_membresia.php --> ftp.lagranjavilla.com /admin inf_membresia.php
109.10.13 14:50 B Z:\www_php\granjavilla\admin\inf_membresia.php --> ftp.lagranjavilla.com /admin inf_membresia.php
109.10.13 14:51 B Z:\www_php\granjavilla\admin\inf_membresia.php --> ftp.lagranjavilla.com /admin inf_membresia.php
109.10.13 14:51 B Z:\www_php\granjavilla\admin\inf_membresia.php --> ftp.lagranjavilla.com /admin inf_membresia.php
109.10.13 14:52 B Z:\www_php\granjavilla\admin\inf_membresia.php --> ftp.lagranjavilla.com /admin inf_membresia.php
109.10.13 14:54 B Z:\www_php\granjavilla\admin\inf_membresia.php --> ftp.lagranjavilla.com /admin inf_membresia.php
109.10.13 14:55 B Z:\www_php\granjavilla\admin\inf_membresia.php --> ftp.lagranjavilla.com /admin inf_membresia.php
109.10.13 14:56 B Z:\www_php\granjavilla\admin\inf_membresia.php --> ftp.lagranjavilla.com /admin inf_membresia.php
109.10.13 15:06 B Z:\www_php\granjavilla\admin\inf_membresia.php --> ftp.lagranjavilla.com /admin inf_membresia.php
109.10.13 15:07 B Z:\www_php\granjavilla\admin\inf_membresia.php --> ftp.lagranjavilla.com /admin inf_membresia.php
109.10.13 15:07 B Z:\www_php\granjavilla\admin\inf_membresia.php --> ftp.lagranjavilla.com /admin inf_membresia.php
109.10.13 15:16 B Z:\www_php\granjavilla\admin\inf_membresia.php --> ftp.lagranjavilla.com /admin inf_membresia.php
109.10.13 15:17 B Z:\www_php\granjavilla\admin\inf_membresia.php --> ftp.lagranjavilla.com /admin inf_membresia.php
109.10.13 15:18 B Z:\www_php\granjavilla\admin\inf_membresia.php --> ftp.lagranjavilla.com /admin inf_membresia.php
109.10.13 15:19 B Z:\www_php\granjavilla\admin\inf_membresia.php --> ftp.lagranjavilla.com /admin inf_membresia.php
109.10.13 15:21 B Z:\www_php\granjavilla\admin\inf_membresia.php --> ftp.lagranjavilla.com /admin inf_membresia.php
109.10.13 15:55 B Z:\www_php\granjavilla\admin\inf_membresia.php --> ftp.lagranjavilla.com /admin inf_membresia.php
109.10.13 15:57 B Z:\www_php\granjavilla\admin\inf_membresia.php --> ftp.lagranjavilla.com /admin inf_membresia.php
109.10.13 16:01 B Z:\www_php\granjavilla\admin\inf_membresia.php --> ftp.lagranjavilla.com /admin inf_membresia.php
109.10.13 16:02 B Z:\www_php\granjavilla\admin\inf_membresia.php --> ftp.lagranjavilla.com /admin inf_membresia.php
109.10.13 16:03 B Z:\www_php\granjavilla\admin\inf_membresia.php --> ftp.lagranjavilla.com /admin inf_membresia.php
109.10.13 16:03 B Z:\www_php\granjavilla\admin\inf_membresia.php --> ftp.lagranjavilla.com /admin inf_membresia.php
109.10.13 16:04 B Z:\www_php\granjavilla\admin\inf_membresia.php --> ftp.lagranjavilla.com /admin inf_membresia.php
109.10.13 16:06 B Z:\www_php\granjavilla\admin\inf_membresia.php --> ftp.lagranjavilla.com /admin inf_membresia.php
109.10.13 16:07 B Z:\www_php\granjavilla\admin\inf_membresia.php --> ftp.lagranjavilla.com /admin inf_membresia.php
109.10.13 16:09 B Z:\www_php\granjavilla\admin\inf_membresia.php --> ftp.lagranjavilla.com /admin inf_membresia.php
109.10.13 16:10 B Z:\www_php\granjavilla\admin\inf_membresia.php --> ftp.lagranjavilla.com /admin inf_membresia.php
109.10.13 16:12 B Z:\www_php\granjavilla\admin\inf_membresia.php --> ftp.lagranjavilla.com /admin inf_membresia.php
109.10.13 16:16 B Z:\www_php\granjavilla\admin\inf_membresia.php --> ftp.lagranjavilla.com /admin inf_membresia.php
109.10.13 16:41 B Z:\www_php\granjavilla\admin\inf_membresia.php --> ftp.lagranjavilla.com /admin inf_membresia.php
109.10.13 16:49 B Z:\www_php\granjavilla\admin\inf_membresia.php --> ftp.lagranjavilla.com /admin inf_membresia.php
109.10.13 17:07 B Z:\www_php\granjavilla\admin\inf_membresia.php --> ftp.lagranjavilla.com /admin inf_membresia.php
